#
# There is insufficient memory for the Java Runtime Environment to continue.
# Native memory allocation (malloc) failed to allocate 1048576 bytes for AllocateHeap
# Possible reasons:
#   The system is out of physical RAM or swap space
#   The process is running with CompressedOops enabled, and the Java Heap may be blocking the growth of the native heap
# Possible solutions:
#   Reduce memory load on the system
#   Increase physical memory or swap space
#   Check if swap backing store is full
#   Decrease Java heap size (-Xmx/-Xms)
#   Decrease number of Java threads
#   Decrease Java thread stack sizes (-Xss)
#   Set larger code cache with -XX:ReservedCodeCacheSize=
#   JVM is running with Unscaled Compressed Oops mode in which the Java heap is
#     placed in the first 4GB address space. The Java Heap base address is the
#     maximum limit for the native heap growth. Please use -XX:HeapBaseMinAddress
#     to set the Java Heap base and to place the Java Heap above 4GB virtual address.
# This output file may be truncated or incomplete.
#
#  Out of Memory Error (memory/allocation.inline.hpp:61), pid=12740, tid=0x0000000000000844
#
# JRE version:  (8.0_211-b12) (build )
# Java VM: Java HotSpot(TM) 64-Bit Server VM (25.211-b12 mixed mode windows-amd64 compressed oops)
# Failed to write core dump. Minidumps are not enabled by default on client versions of Windows
#

---------------  T H R E A D  ---------------

Current thread (0x0000000003af6800):  JavaThread "Unknown thread" [_thread_in_vm, id=2116, stack(0x00000000038f0000,0x00000000039f0000)]

Stack: [0x00000000038f0000,0x00000000039f0000]
[error occurred during error reporting (printing stack bounds), id 0xc0000005]

Native frames: (J=compiled Java code, j=interpreted, Vv=VM code, C=native code)


---------------  P R O C E S S  ---------------

Java Threads: ( => current thread )

Other Threads:

=>0x0000000003af6800 (exited) JavaThread "Unknown thread" [_thread_in_vm, id=2116, stack(0x00000000038f0000,0x00000000039f0000)]

VM state:not at safepoint (normal execution)

VM Mutex/Monitor currently owned by a thread: None

heap address: 0x0000000082a00000, size: 2006 MB, Compressed Oops mode: 32-bit
Narrow klass base: 0x0000000000000000, Narrow klass shift: 3
Compressed class space size: 1073741824 Address: 0x0000000100000000

Heap:
 PSYoungGen      total 37888K, used 655K [0x00000000d6380000, 0x00000000d8d80000, 0x0000000100000000)
  eden space 32768K, 2% used [0x00000000d6380000,0x00000000d6423d80,0x00000000d8380000)
  from space 5120K, 0% used [0x00000000d8880000,0x00000000d8880000,0x00000000d8d80000)
  to   space 5120K, 0% used [0x00000000d8380000,0x00000000d8380000,0x00000000d8880000)
 ParOldGen       total 86016K, used 0K [0x0000000082a00000, 0x0000000087e00000, 0x00000000d6380000)
  object space 86016K, 0% used [0x0000000082a00000,0x0000000082a00000,0x0000000087e00000)
 Metaspace       used 775K, capacity 4480K, committed 4480K, reserved 1056768K
  class space    used 76K, capacity 384K, committed 384K, reserved 1048576K

Card table byte_map: [0x0000000012fb0000,0x00000000133a0000] byte_map_base: 0x0000000012b9b000

Marking Bits: (ParMarkBitMap*) 0x0000000059aa5ce0
 Begin Bits: [0x0000000013e40000, 0x0000000015d98000)
 End Bits:   [0x0000000015d98000, 0x0000000017cf0000)

Polling page: 0x0000000002fb0000

CodeCache: size=245760Kb used=328Kb max_used=328Kb free=245431Kb
 bounds [0x0000000003bf0000, 0x0000000003e60000, 0x0000000012bf0000]
 total_blobs=58 nmethods=0 adapters=38
 compilation: enabled

Compilation events (0 events):
No events

GC Heap History (0 events):
No events

Deoptimization events (0 events):
No events

Classes redefined (0 events):
No events

Internal exceptions (0 events):
No events

Events (10 events):
Event: 0.031 loading class java/lang/Short
Event: 0.031 loading class java/lang/Short done
Event: 0.031 loading class java/lang/Integer
Event: 0.031 loading class java/lang/Integer done
Event: 0.031 loading class java/lang/Long
Event: 0.031 loading class java/lang/Long done
Event: 0.032 loading class java/lang/NullPointerException
Event: 0.032 loading class java/lang/NullPointerException done
Event: 0.032 loading class java/lang/ArithmeticException
Event: 0.032 loading class java/lang/ArithmeticException done


Dynamic libraries:
0x00007ff612790000 - 0x00007ff6127c7000 	C:\Program Files\Java\jdk1.8.0_211\bin\java.exe
0x00007ff8299a0000 - 0x00007ff829b8d000 	C:\Windows\SYSTEM32\ntdll.dll
0x00007ff8270e0000 - 0x00007ff827193000 	C:\Windows\System32\KERNEL32.DLL
0x00007ff826250000 - 0x00007ff8264e3000 	C:\Windows\System32\KERNELBASE.dll
0x00007ff827270000 - 0x00007ff827313000 	C:\Windows\System32\ADVAPI32.dll
0x00007ff8289c0000 - 0x00007ff828a5e000 	C:\Windows\System32\msvcrt.dll
0x00007ff828a60000 - 0x00007ff828afe000 	C:\Windows\System32\sechost.dll
0x00007ff827320000 - 0x00007ff827442000 	C:\Windows\System32\RPCRT4.dll
0x00007ff8297d0000 - 0x00007ff829967000 	C:\Windows\System32\USER32.dll
0x00007ff826760000 - 0x00007ff826780000 	C:\Windows\System32\win32u.dll
0x00007ff827080000 - 0x00007ff8270a9000 	C:\Windows\System32\GDI32.dll
0x00007ff8264f0000 - 0x00007ff826689000 	C:\Windows\System32\gdi32full.dll
0x00007ff8261b0000 - 0x00007ff826250000 	C:\Windows\System32\msvcp_win.dll
0x00007ff826a60000 - 0x00007ff826b5a000 	C:\Windows\System32\ucrtbase.dll
0x00007ff816390000 - 0x00007ff816609000 	C:\Windows\WinSxS\amd64_microsoft.windows.common-controls_6595b64144ccf1df_6.0.17763.1039_none_de701650534c7021\COMCTL32.dll
0x00007ff8294a0000 - 0x00007ff8297cc000 	C:\Windows\System32\combase.dll
0x00007ff8269e0000 - 0x00007ff826a5e000 	C:\Windows\System32\bcryptPrimitives.dll
0x00007ff828db0000 - 0x00007ff828dde000 	C:\Windows\System32\IMM32.DLL
0x00007ff81e7f0000 - 0x00007ff81e8af000 	C:\PROGRAM FILES (X86)\AGILE DGS\BIN\FF64.DLL
0x00007ff8244d0000 - 0x00007ff8244da000 	C:\Windows\SYSTEM32\Version.dll
0x00007ffff84d0000 - 0x00007ffff84e4000 	C:\PROGRAM FILES (X86)\AGILE DGS\BIN\DGStrategy64.dll
0x000000005a820000 - 0x000000005a8f2000 	C:\Program Files\Java\jdk1.8.0_211\jre\bin\msvcr100.dll
0x0000000059280000 - 0x0000000059b25000 	C:\Program Files\Java\jdk1.8.0_211\jre\bin\server\jvm.dll
0x00007ff826e00000 - 0x00007ff826e08000 	C:\Windows\System32\PSAPI.DLL
0x00007ff8240b0000 - 0x00007ff8240b9000 	C:\Windows\SYSTEM32\WSOCK32.dll
0x00007ff828950000 - 0x00007ff8289bd000 	C:\Windows\System32\WS2_32.dll
0x00007ff820450000 - 0x00007ff820474000 	C:\Windows\SYSTEM32\WINMM.dll
0x00007ff820340000 - 0x00007ff82036d000 	C:\Windows\SYSTEM32\WINMMBASE.dll
0x00007ff8267b0000 - 0x00007ff8267fa000 	C:\Windows\System32\cfgmgr32.dll
0x00007ff824510000 - 0x00007ff82451f000 	C:\Program Files\Java\jdk1.8.0_211\jre\bin\verify.dll
0x00007ff81fd60000 - 0x00007ff81fd89000 	C:\Program Files\Java\jdk1.8.0_211\jre\bin\java.dll
0x00007ff81fc60000 - 0x00007ff81fc83000 	C:\Program Files\Java\jdk1.8.0_211\jre\bin\instrument.dll
0x00007ff8244f0000 - 0x00007ff824506000 	C:\Program Files\Java\jdk1.8.0_211\jre\bin\zip.dll

VM Arguments:
jvm_args: -XX:TieredStopAtLevel=1 -Xverify:none -Dspring.output.ansi.enabled=always -Dcom.sun.management.jmxremote -Dcom.sun.management.jmxremote.port=3469 -Dcom.sun.management.jmxremote.authenticate=false -Dcom.sun.management.jmxremote.ssl=false -Djava.rmi.server.hostname=localhost -Dspring.liveBeansView.mbeanDomain -Dspring.application.admin.enabled=true -javaagent:D:\software\softwarebag\IntelliJ IDEA 2018.2.6\lib\idea_rt.jar=3470:D:\software\softwarebag\IntelliJ IDEA 2018.2.6\bin -Dfile.encoding=UTF-8 
java_command: com.mine.project.project1.Project1Application
java_class_path (initial): C:\Program Files\Java\jdk1.8.0_211\jre\lib\charsets.jar;C:\Program Files\Java\jdk1.8.0_211\jre\lib\deploy.jar;C:\Program Files\Java\jdk1.8.0_211\jre\lib\ext\access-bridge-64.jar;C:\Program Files\Java\jdk1.8.0_211\jre\lib\ext\cldrdata.jar;C:\Program Files\Java\jdk1.8.0_211\jre\lib\ext\dnsns.jar;C:\Program Files\Java\jdk1.8.0_211\jre\lib\ext\jaccess.jar;C:\Program Files\Java\jdk1.8.0_211\jre\lib\ext\jfxrt.jar;C:\Program Files\Java\jdk1.8.0_211\jre\lib\ext\localedata.jar;C:\Program Files\Java\jdk1.8.0_211\jre\lib\ext\nashorn.jar;C:\Program Files\Java\jdk1.8.0_211\jre\lib\ext\sunec.jar;C:\Program Files\Java\jdk1.8.0_211\jre\lib\ext\sunjce_provider.jar;C:\Program Files\Java\jdk1.8.0_211\jre\lib\ext\sunmscapi.jar;C:\Program Files\Java\jdk1.8.0_211\jre\lib\ext\sunpkcs11.jar;C:\Program Files\Java\jdk1.8.0_211\jre\lib\ext\zipfs.jar;C:\Program Files\Java\jdk1.8.0_211\jre\lib\javaws.jar;C:\Program Files\Java\jdk1.8.0_211\jre\lib\jce.jar;C:\Program Files\Java\jdk1.8.0_211\jre\lib\jfr.jar;C:\Program Files\Java\jdk1.8.0_211\jre\lib\jfxswt.jar;C:\Program Files\Java\jdk1.8.0_211\jre\lib\jsse.jar;C:\Program Files\Java\jdk1.8.0_211\jre\lib\management-agent.jar;C:\Program Files\Java\jdk1.8.0_211\jre\lib\plugin.jar;C:\Program Files\Java\jdk1.8.0_211\jre\lib\resources.jar;C:\Program Files\Java\jdk1.8.0_211\jre\lib\rt.jar;D:\workspace_idea\project1\target\classes;D:\mvn_repo_ng\org\springframework\boot\spring-boot-starter-thymeleaf\2.2.5.RELEASE\spring-boot-starter-thymeleaf-2.2.5.RELEASE.jar;D:\mvn_repo_ng\org\springframework\boot\spring-boot-starter\2.2.5.RELEASE\spring-boot-starter-2.2.5.RELEASE.jar;D:\mvn_repo_ng\org\springframework\boot\spring-boot\2.2.5.RELEASE\spring-boot-2.2.5.RELEASE.jar;D:\mvn_repo_ng\org\springframework\boot\spring-boot-autoconfigure\2.2.5.RELEASE\spring-boot-autoconfigure-2.2.5.RELEASE.jar;D:\mvn_repo_ng\org\springframework\boot\spring-boot-starter-logging\2.2.5.RELEASE\spring-boot-starter-logging-2.2.5.RELEASE.jar;D:\mvn_repo_ng\
Launcher Type: SUN_STANDARD

Environment Variables:
JAVA_HOME=C:\Program Files\Java\jdk1.8.0_211
CLASSPATH=.;C:\Program Files\Java\jdk1.8.0_211\lib\dt.jar;C:\Program Files\Java\jdk1.8.0_211\lib\tools.jar;D:\software\softwarebag\scala-2.11.7\bin;D:\software\softwarebag\scala-2.11.7\lib\dt.jar;D:\software\softwarebag\scala-2.11.7\lib\tools.jar;
PATH=C:\Program Files (x86)\Common Files\Oracle\Java\javapath;C:\Program Files (x86)\Intel\Intel(R) Management Engine Components\iCLS\;C:\Program Files\Intel\Intel(R) Management Engine Components\iCLS\;C:\Windows\system32;C:\Windows;C:\Windows\System32\Wbem;C:\Windows\System32\WindowsPowerShell\v1.0\;C:\Windows\System32\OpenSSH\;C:\Program Files (x86)\Intel\Intel(R) Management Engine Components\DAL;C:\Program Files\Intel\Intel(R) Management Engine Components\DAL;C:\Program Files\Java\jdk1.8.0_211\bin;C:\Program Files\Java\jdk1.8.0_211\jre\bin;D:\software\softwarebag\scala-2.11.7\bin;D:\software\softwarebag\hadoop-2.7.7\bin;C:\Program Files\MySQL\MySQL Server 5.5\bin;D:\software\softwarebag\apache-maven-3.3.9\bin;D:\software\softwarebag\TortoiseSVN\bin;D:\software\softwarebag\tomcat\apache-tomcat-8.0.53\bin;D:\software\softwarebag\Git\cmd;D:\software\softwarebag\nodejs\;D:\software\softwarebag\go\bin;D:\software\softwarebag\spark-2.3.4-bin-hadoop2.7\bin;D:\software\softwarebag\Anaconda3;D:\software\softwarebag\Anaconda3\Library\mingw-w64\bin;D:\software\softwarebag\Anaconda3\Library\usr\bin;D:\software\softwarebag\Anaconda3\Library\bin;D:\software\softwarebag\Anaconda3\Scripts;C:\Users\zcl\AppData\Local\Microsoft\WindowsApps;D:\software\softwarebag\PyCharm Community Edition 2019.2.3\bin;;C:\Users\zcl\AppData\Roaming\npm;D:\software\softwarebag\Microsoft VS Code\bin
USERNAME=zcl
OS=Windows_NT
PROCESSOR_IDENTIFIER=Intel64 Family 6 Model 142 Stepping 10, GenuineIntel



---------------  S Y S T E M  ---------------

OS: Windows 10.0 , 64 bit Build 17763 (10.0.17763.475)

CPU:total 8 (initial active 8) (4 cores per cpu, 2 threads per core) family 6 model 142 stepping 10, cmov, cx8, fxsr, mmx, sse, sse2, sse3, ssse3, sse4.1, sse4.2, popcnt, avx, avx2, aes, clmul, erms, 3dnowpref, lzcnt, ht, tsc, tscinvbit, bmi1, bmi2, adx

Memory: 4k page, physical 8216464k(2638628k free), swap 9265040k(5144k free)

vm_info: Java HotSpot(TM) 64-Bit Server VM (25.211-b12) for windows-amd64 JRE (1.8.0_211-b12), built on Apr  1 2019 20:53:26 by "java_re" with MS VC++ 10.0 (VS2010)

time: Tue Mar 03 15:53:42 2020
timezone: 中国标准时间
elapsed time: 0 seconds (0d 0h 0m 0s)

